TN:
SF:src\router.ts
FN:123,(anonymous_0)
FN:178,(anonymous_1)
FNF:2
FNH:0
FNDA:0,(anonymous_0)
FNDA:0,(anonymous_1)
DA:1,2
DA:2,2
DA:3,2
DA:4,2
DA:6,2
DA:50,2
DA:79,2
DA:117,2
DA:123,0
DA:171,2
DA:178,0
DA:211,2
DA:245,2
DA:251,2
LF:14
LH:12
BRF:0
BRH:0
end_of_record
TN:
SF:src\server.ts
FN:10,connectDB
FN:27,(anonymous_8)
FN:40,(anonymous_9)
FNF:3
FNH:2
FNDA:3,connectDB
FNDA:18,(anonymous_8)
FNDA:0,(anonymous_9)
DA:1,2
DA:2,2
DA:3,2
DA:4,2
DA:5,2
DA:6,2
DA:7,2
DA:10,2
DA:11,3
DA:12,3
DA:13,1
DA:16,1
DA:17,1
DA:20,2
DA:23,2
DA:26,2
DA:28,18
DA:29,0
DA:31,18
DA:35,2
DA:38,2
DA:40,2
DA:41,0
DA:79,2
DA:82,2
DA:84,2
LF:26
LH:24
BRDA:28,0,0,0
BRDA:28,0,1,18
BRF:2
BRH:1
end_of_record
TN:
SF:src\config\db.ts
FNF:0
FNH:0
DA:1,2
DA:2,2
DA:4,2
DA:9,2
LF:4
LH:4
BRF:0
BRH:0
end_of_record
TN:
SF:src\config\swaggerConfig.ts
FNF:0
FNH:0
DA:1,2
DA:4,2
DA:26,2
DA:28,2
DA:37,2
DA:39,2
LF:6
LH:6
BRF:0
BRH:0
end_of_record
TN:
SF:src\handlers\products.ts
FN:4,(anonymous_1)
FN:15,(anonymous_2)
FN:22,(anonymous_3)
FN:35,(anonymous_4)
FN:51,(anonymous_5)
FN:67,(anonymous_6)
FNF:6
FNH:0
FNDA:0,(anonymous_1)
FNDA:0,(anonymous_2)
FNDA:0,(anonymous_3)
FNDA:0,(anonymous_4)
FNDA:0,(anonymous_5)
FNDA:0,(anonymous_6)
DA:2,2
DA:4,2
DA:6,0
DA:12,0
DA:15,2
DA:17,0
DA:19,0
DA:22,2
DA:24,0
DA:26,0
DA:28,0
DA:29,0
DA:32,0
DA:35,2
DA:37,0
DA:39,0
DA:41,0
DA:42,0
DA:46,0
DA:47,0
DA:48,0
DA:51,2
DA:53,0
DA:55,0
DA:57,0
DA:58,0
DA:62,0
DA:63,0
DA:64,0
DA:67,2
DA:69,0
DA:71,0
DA:73,0
DA:74,0
DA:77,0
DA:78,0
LF:36
LH:7
BRDA:28,0,0,0
BRDA:41,1,0,0
BRDA:57,2,0,0
BRDA:73,3,0,0
BRF:4
BRH:0
end_of_record
TN:
SF:src\middlewares\index.ts
FN:4,(anonymous_0)
FNF:1
FNH:0
FNDA:0,(anonymous_0)
DA:2,2
DA:4,2
DA:5,0
DA:6,0
DA:7,0
DA:10,0
LF:6
LH:2
BRDA:6,0,0,0
BRF:1
BRH:0
end_of_record
TN:
SF:src\models\Product.model.ts
FNF:0
FNH:0
DA:1,3
DA:8,3
DA:12,3
DA:17,3
DA:23,3
DA:26,3
LF:6
LH:6
BRF:0
BRH:0
end_of_record
